<?xml version="1.0" encoding="UTF-8"?>
<robot generator="Robot 7.0 (Python 3.9.6 on darwin)" generated="2024-04-04T22:18:08.900088" rpa="false" schemaversion="5">
<suite id="s1" name="Browser Demo" source="/Users/Silva/Documents/HYTE-K24/periodi - 4/HRVibe/testaus/robot/browser_demo.robot">
<test id="s1-t1" name="Test Web Form" line="6">
<kw name="New Browser" owner="Browser">
<msg time="2024-04-04T22:18:09.056366" level="INFO">{"browser": "chromium", "headless": false, "chromiumSandbox": false, "devtools": false, "handleSIGHUP": true, "handleSIGINT": true, "handleSIGTERM": true, "slowMo": 0.0, "timeout": 30000.0, "tracesDir": "/Users/Silva/Documents/HYTE-K24/periodi - 4/HRVibe/testaus/robot/browser/traces/137ecde7-f1d8-41f0-ad40-86c45bb9ac85"}</msg>
<msg time="2024-04-04T22:18:09.057122" level="INFO">Starting Browser process /Users/Silva/Library/Python/3.9/lib/python/site-packages/Browser/wrapper/index.js using port 54130</msg>
<msg time="2024-04-04T22:18:09.057173" level="INFO">Node startup parameters: ['node', '/Users/Silva/Library/Python/3.9/lib/python/site-packages/Browser/wrapper/index.js', '54130']</msg>
<msg time="2024-04-04T22:18:10.940625" level="INFO">Successfully created browser with options: {"browser":"chromium","headless":false,"chromiumSandbox":false,"devtools":false,"handleSIGHUP":true,"handleSIGINT":true,"handleSIGTERM":true,"slowMo":0,"timeout":30000,"tracesDir":"/Users/Silva/Documents/HYTE-K24/periodi - 4/HRVibe/testaus/robot/browser/traces/137ecde7-f1d8-41f0-ad40-86c45bb9ac85"}</msg>
<arg>chromium</arg>
<arg>headless=No</arg>
<tag>BrowserControl</tag>
<tag>Setter</tag>
<doc>Create a new playwright Browser with specified options.</doc>
<status status="PASS" start="2024-04-04T22:18:09.055817" elapsed="1.885238"/>
</kw>
<kw name="New Page" owner="Browser">
<msg time="2024-04-04T22:18:11.972932" level="INFO">Successfully initialized new page object and opened url: https://hyte-server.northeurope.cloudapp.azure.com/</msg>
<msg time="2024-04-04T22:18:11.973031" level="INFO">No context was open. New context was automatically opened when this page is created.</msg>
<arg>https://hyte-server.northeurope.cloudapp.azure.com/</arg>
<tag>BrowserControl</tag>
<tag>Setter</tag>
<doc>Open a new Page.</doc>
<status status="PASS" start="2024-04-04T22:18:10.941618" elapsed="1.031552"/>
</kw>
<kw name="Get Title" owner="Browser">
<msg time="2024-04-04T22:18:11.978083" level="INFO">Title: 'Vital Track'</msg>
<arg>==</arg>
<arg>Vital Track</arg>
<tag>Assertion</tag>
<tag>Getter</tag>
<tag>PageContent</tag>
<doc>Returns the title of the current page.</doc>
<status status="PASS" start="2024-04-04T22:18:11.973440" elapsed="0.004736"/>
</kw>
<kw name="Click With Options" owner="Browser">
<arg>id=loginButton</arg>
<arg>delay=1s</arg>
<tag>PageContent</tag>
<tag>Setter</tag>
<doc>Simulates mouse click on the element found by ``selector``.</doc>
<status status="PASS" start="2024-04-04T22:18:11.978387" elapsed="1.150718"/>
</kw>
<kw name="Type Text" owner="Browser">
<msg time="2024-04-04T22:18:13.130300" level="INFO">Types the text 'soni' in the given field.</msg>
<arg>[id=käyttis]</arg>
<arg>${Username}</arg>
<arg>delay=0.1s</arg>
<tag>PageContent</tag>
<tag>Setter</tag>
<doc>Types the given ``txt`` into the text field found by ``selector``.</doc>
<status status="PASS" start="2024-04-04T22:18:13.129611" elapsed="0.429315"/>
</kw>
<kw name="Type Secret" owner="Browser">
<arg>[id=passis]</arg>
<arg>$Password</arg>
<arg>delay=0.1s</arg>
<tag>PageContent</tag>
<tag>Setter</tag>
<doc>Types the given secret from ``variable_name`` into the text field
found by ``selector``.</doc>
<status status="PASS" start="2024-04-04T22:18:13.559932" elapsed="1.065179"/>
</kw>
<kw name="Click With Options" owner="Browser">
<arg>css=.loginuser</arg>
<arg>delay=1s</arg>
<tag>PageContent</tag>
<tag>Setter</tag>
<doc>Simulates mouse click on the element found by ``selector``.</doc>
<status status="PASS" start="2024-04-04T22:18:14.626351" elapsed="1.055684"/>
</kw>
<kw name="Type Text" owner="Browser">
<msg time="2024-04-04T22:18:15.683553" level="INFO">Types the text 'happy' in the given field.</msg>
<arg>[id=mood]</arg>
<arg>${Mood}</arg>
<arg>delay=0.1s</arg>
<tag>PageContent</tag>
<tag>Setter</tag>
<doc>Types the given ``txt`` into the text field found by ``selector``.</doc>
<status status="PASS" start="2024-04-04T22:18:15.682594" elapsed="0.865730"/>
</kw>
<kw name="Type Text" owner="Browser">
<msg time="2024-04-04T22:18:16.551214" level="INFO">Types the text '8' in the given field.</msg>
<arg>[id=sleep_hours]</arg>
<arg>${SleepHours}</arg>
<arg>delay=0.1s</arg>
<tag>PageContent</tag>
<tag>Setter</tag>
<doc>Types the given ``txt`` into the text field found by ``selector``.</doc>
<status status="PASS" start="2024-04-04T22:18:16.549356" elapsed="0.125304"/>
</kw>
<kw name="Type Text" owner="Browser">
<msg time="2024-04-04T22:18:16.675803" level="INFO">Types the text 'slept well, nothing else to add' in the given field.</msg>
<arg>[id=notes]</arg>
<arg>${Notes}</arg>
<arg>delay=0.1s</arg>
<tag>PageContent</tag>
<tag>Setter</tag>
<doc>Types the given ``txt`` into the text field found by ``selector``.</doc>
<status status="PASS" start="2024-04-04T22:18:16.675068" elapsed="3.221825"/>
</kw>
<kw name="Click With Option">
<msg time="2024-04-04T22:18:19.901192" level="FAIL">No keyword with name 'Click With Option' found. Did you mean:
    Browser.Click With Options</msg>
<status status="FAIL" start="2024-04-04T22:18:19.901012" elapsed="0.000347">No keyword with name 'Click With Option' found. Did you mean:
    Browser.Click With Options</status>
</kw>
<status status="FAIL" start="2024-04-04T22:18:09.055169" elapsed="10.846859">No keyword with name 'Click With Option' found. Did you mean:
    Browser.Click With Options</status>
</test>
<status status="FAIL" start="2024-04-04T22:18:08.900928" elapsed="11.007441"/>
</suite>
<statistics>
<total>
<stat pass="0" fail="1" skip="0">All Tests</stat>
</total>
<tag>
</tag>
<suite>
<stat pass="0" fail="1" skip="0" id="s1" name="Browser Demo">Browser Demo</stat>
</suite>
</statistics>
<errors>
</errors>
</robot>
