<?xml version="1.0" encoding="UTF-8"?>
<robot generator="Robot 7.0 (Python 3.12.2 on darwin)" generated="2024-04-11T09:28:02.176485" rpa="false" schemaversion="5">
<suite id="s1" name="HRVibe" source="/Users/Silva/Documents/HYTE-K24/periodi - 4/HRVibe">
<suite id="s1-s1" name="Testaus" source="/Users/Silva/Documents/HYTE-K24/periodi - 4/HRVibe/testaus">
<suite id="s1-s1-s1" name="Robot" source="/Users/Silva/Documents/HYTE-K24/periodi - 4/HRVibe/testaus/robot">
<suite id="s1-s1-s1-s1" name="Requests" source="/Users/Silva/Documents/HYTE-K24/periodi - 4/HRVibe/testaus/robot/requests.robot">
<test id="s1-s1-s1-s1-t1" name="Quick Get Request Test" line="6">
<kw name="GET">
<msg time="2024-04-11T09:28:02.199202" level="FAIL">No keyword with name 'GET' found. Did you mean:
    BuiltIn.Get Time</msg>
<var>${response}</var>
<arg>https://www.google.com</arg>
<status status="FAIL" start="2024-04-11T09:28:02.199002" elapsed="0.000462">No keyword with name 'GET' found. Did you mean:
    BuiltIn.Get Time</status>
</kw>
<status status="FAIL" start="2024-04-11T09:28:02.198376" elapsed="0.001411">No keyword with name 'GET' found. Did you mean:
    BuiltIn.Get Time</status>
</test>
<test id="s1-s1-s1-s1-t2" name="Quick Get Request With Parameters Test" line="9">
<kw name="GET">
<msg time="2024-04-11T09:28:02.200610" level="FAIL">No keyword with name 'GET' found. Did you mean:
    BuiltIn.Get Time</msg>
<var>${response}</var>
<arg>https://www.google.com/search</arg>
<arg>params=query=ciao</arg>
<arg>expected_status=200</arg>
<status status="FAIL" start="2024-04-11T09:28:02.200432" elapsed="0.000397">No keyword with name 'GET' found. Did you mean:
    BuiltIn.Get Time</status>
</kw>
<status status="FAIL" start="2024-04-11T09:28:02.199919" elapsed="0.001359">No keyword with name 'GET' found. Did you mean:
    BuiltIn.Get Time</status>
</test>
<test id="s1-s1-s1-s1-t3" name="Quick Get A JSON Body Test" line="12">
<kw name="GET">
<msg time="2024-04-11T09:28:02.202160" level="FAIL">No keyword with name 'GET' found. Did you mean:
    BuiltIn.Get Time</msg>
<var>${response}</var>
<arg>https://jsonplaceholder.typicode.com/posts/1</arg>
<status status="FAIL" start="2024-04-11T09:28:02.202001" elapsed="0.000275">No keyword with name 'GET' found. Did you mean:
    BuiltIn.Get Time</status>
</kw>
<kw name="Should Be Equal As Strings" owner="BuiltIn">
<arg>1</arg>
<arg>${response.json()}[id]</arg>
<doc>Fails if objects are unequal after converting them to strings.</doc>
<status status="NOT RUN" start="2024-04-11T09:28:02.202532" elapsed="0.000046"/>
</kw>
<status status="FAIL" start="2024-04-11T09:28:02.201721" elapsed="0.000939">No keyword with name 'GET' found. Did you mean:
    BuiltIn.Get Time</status>
</test>
<status status="FAIL" start="2024-04-11T09:28:02.196700" elapsed="0.006179"/>
</suite>
<status status="FAIL" start="2024-04-11T09:28:02.196211" elapsed="0.006993"/>
</suite>
<status status="FAIL" start="2024-04-11T09:28:02.195680" elapsed="0.007741"/>
</suite>
<status status="FAIL" start="2024-04-11T09:28:02.187155" elapsed="0.016512"/>
</suite>
<statistics>
<total>
<stat pass="0" fail="3" skip="0">All Tests</stat>
</total>
<tag>
</tag>
<suite>
<stat pass="0" fail="3" skip="0" id="s1" name="HRVibe">HRVibe</stat>
<stat pass="0" fail="3" skip="0" id="s1-s1" name="Testaus">HRVibe.Testaus</stat>
<stat pass="0" fail="3" skip="0" id="s1-s1-s1" name="Robot">HRVibe.Testaus.Robot</stat>
<stat pass="0" fail="3" skip="0" id="s1-s1-s1-s1" name="Requests">HRVibe.Testaus.Robot.Requests</stat>
</suite>
</statistics>
<errors>
<msg time="2024-04-11T09:28:02.197970" level="ERROR">Error in file '/Users/Silva/Documents/HYTE-K24/periodi - 4/HRVibe/testaus/robot/requests.robot' on line 2: Importing library 'RequestsLibrary' failed: ModuleNotFoundError: No module named 'RequestsLibrary'
Traceback (most recent call last):
  None
PYTHONPATH:
  /Users/Silva/Documents/HYTE-K24/periodi - 4/HRVibe/lib
  /Users/Silva/Documents/HYTE-K24/periodi - 4/HRVibe/resources
  /Users/Silva/.vscode/extensions/d-biehl.robotcode-0.78.4/bundled/libs
  /Users/Silva/.vscode/extensions/d-biehl.robotcode-0.78.4/bundled/tool/robotcode
  /Library/Frameworks/Python.framework/Versions/3.12/lib/python312.zip
  /Library/Frameworks/Python.framework/Versions/3.12/lib/python3.12
  /Library/Frameworks/Python.framework/Versions/3.12/lib/python3.12/lib-dynload
  /Library/Frameworks/Python.framework/Versions/3.12/lib/python3.12/site-packages</msg>
</errors>
</robot>
